<s01,r0>(W) unit = 32, file = solver01_warnings.log, form = formatted
<s01,r0>(W)       Parameter  TIMER_DISPLAY_THRESHOLD not found. Default value:  0.9999999999999998E-002
<s01,r0>(W)       Parameter  TIMER_DISPLAY_LEVEL not found. Default value: 1
<s01,r0>(W)       Parameter  TIMER_DISPLAY_STATS not found. Default value: FALSE
<s01,r0>(W)       Parameter  PROFILING not found. Default value: FALSE
<s01,r0>(W)       Parameter  IGNORE_FPE not found. Default value: TRUE
<s01,r0>(W)       Parameter  IGNORE_SEGV not found. Default value: FALSE
<s01,r0>(W)       Parameter  IGNORE_BUS not found. Default value: FALSE
<s01,r0>(W)       Parameter  STORE_ALL_ARRAY_POINTERS not found. Default value: FALSE
<s01,r0>(W)       Parameter  NSOLVER not found. Default value: 1
<s01,r0>(W)       Parameter  ARRAY_ALERT_SIZE not found. Default value:  5.0000000000000000E-001
<s01,r0>(W)       Parameter  GEOMETRIC_TOLERANCE not found. Default value:  0.9999999999999991E-008
<s01,r0>(W)       Parameter  COLORING_LIBRARY not found. Default value: METIS
<s01,r0>(W)       Parameter  COLORING_FORCE_REPRODUCIBILITY not found. Default value: FALSE
<s01,r0>(W)       Parameter  RESTART_LOAD_ALL_DATA not found. Default value: FALSE
<s01,r0>(W)       Parameter  FINITE_ELTYPE not found. Default value: DEFAULT
<s01,r0>(W)       Parameter  SPARSE_ELEMENTS not found. Default value: TRUE
<s01,r0>(W)       Parameter  MASSCENTER_CORRECTION not found. Default value: FALSE
<s01,r0>(W)       Parameter  RESTART_NPART not found. Default value: 1
<s01,r0>(W)       Parameter  RESTART_NSOLUTIONS not found. Default value: 1
<s01,r0>(W)       Parameter  RESTART_GMSH_SCALING not found. Default value:  1.0000000000000000E+000
<s01,r0>(W)       Parameter  RESTART_GMSH_TRANSLATION not found. Default value:
<s01,r0>(W)           0.0000000000000000E+000 0.0000000000000000E+000
<s01,r0>(W)       Parameter  FORCE_UNKNOWN_BND_TO_WALL not found. Default value: FALSE
<s01,r0>(W)       Parameter  FORCE_UNKNOWN_BND_TO_SURFACE_ADAPTATION not found. Default value: FALSE
<s01,r0>(W)       Parameter BOUNDARY x0 SURFACE_ADAPTATION not found. Default value: FALSE
<s01,r0>(W)       Parameter BOUNDARY x1 SURFACE_ADAPTATION not found. Default value: FALSE
<s01,r0>(W)       Parameter BOUNDARY cyl SURFACE_ADAPTATION not found. Default value: FALSE
<s01,r0>(W)       Parameter  FORCE_PARTICLE_RELOCALIZATION not found. Default value: FALSE
<s01,r0>(W)       Parameter  GRID_PARTITIONING_ELEM_WEIGHT_FROM not found. Default value: NONE
<s01,r0>(W)       Parameter  INTERPOLATION_TYPE not found. Default value: NONE
<s01,r0>(W)       Parameter  INTERPOLATION_DATA_PREFIX not found. Default value:
<s01,r0>(W)       Parameter  INTERPOLATION_DATA_COMPARE not found. Default value: FALSE
<s01,r0>(W)       Parameter  INTERPOLATION_COLORING_LIBRARY not found. Default value: METIS
<s01,r0>(W)       Parameter  GRID_SMOOTHING_STEPS not found. Default value: 0
<s01,r0>(W)       Parameter  GRID_SMOOTHING_CELLSIZE_SCALING not found. Default value:  1.0000000000000000E+000
<s01,r0>(W)       Parameter  GRID_SMOOTHING_CELLSIZE_MIN not found. Default value: -1.0000000000000015E+015
<s01,r0>(W)       Parameter  GRID_SMOOTHING_CELLSIZE_MAX not found. Default value:  1.0000000000000015E+015
<s01,r0>(W)       Parameter  LOAD_BALANCING_TOLERANCE not found. Default value:  2.0000000000000000E-001
<s01,r0>(W)       Parameter  DUPLICATE_GRID not found. Default value: 0
<s01,r0>(W)       Parameter  SKIP_INITIAL_LOAD_BALANCING not found. Default value: FALSE
<s01,r0>(W)       Parameter  FORCE_INITIAL_LOAD_BALANCING not found. Default value: FALSE
<s01,r0>(W)       Parameter  HALO_SIZE not found. Default value:  1.0000000000000000E+000
<s01,r0>(W)       Parameter  TOTAL_TIME not found. Default value: 0.0000000000000000E+000
<s01,r0>(W)       Parameter  TOTAL_NITER not found. Default value: 0
<s01,r0>(W)       Parameter  RESTART_DT_OF_THE_SOLUTION not found. Default value: 0.0000000000000000E+000
<s01,r0>(W)       Parameter  DATA_SYNC_NITER not found. Default value: 50
<s01,r0>(W)       Parameter  NITER_MAX not found. Default value: 10000000
<s01,r0>(W)       Parameter  TOTAL_TIME_MAX not found. Default value:  1.0000000000000015E+015
<s01,r0>(W)       Parameter  WALL_CLOCK_TIME_MAX not found. Default value:  1.0000000000000015E+015
<s01,r0>(W)       Parameter  ADJUST_FINAL_TIMESTEP not found. Default value: FALSE
<s01,r0>(W)       Parameter  ACOUSTIC_CFL not found. Default value:  1.0000000000000015E+015
<s01,r0>(W)       Parameter  SURFACE_TENSION_NUMBER not found. Default value:  5.0000000000000000E-001
<s01,r0>(W)       Parameter  GRAVITY_NUMBER not found. Default value:  7.0000000000000000E-001
<s01,r0>(W)       Parameter  MOMENTUM_SOURCE_NUMBER not found. Default value:  1.0000000000000000E+000
<s01,r0>(W)       Parameter  DUMP_NITER_PERIOD not found. Default value: 10000000
<s01,r0>(W)       Parameter  DUMP_SURF_NITER_PERIOD not found. Default value: 10000000
<s01,r0>(W)       Parameter  DUMP_SURF_TIME_PERIOD not found. Default value:  1.0000000000000015E+015
<s01,r0>(W)       Parameter  DUMP_TOTAL_TIME_PERIOD not found. Default value:  1.0000000000000015E+015
<s01,r0>(W)       Parameter  DUMP_WALL_CLOCK_TIME_PERIOD not found. Default value:  1.0000000000000015E+015
<s01,r0>(W)       Parameter  DUMP_INITIAL_SOLUTION not found. Default value: TRUE
<s01,r0>(W)       Parameter  DUMP_FINAL_SOLUTION not found. Default value: TRUE
<s01,r0>(W)       Parameter  INTERPOLATE_NITER_PERIOD not found. Default value: 10000000
<s01,r0>(W)       Parameter  INTERPOLATE_TIME_PERIOD not found. Default value:  1.0000000000000015E+015
<s01,r0>(W)       Parameter  INTERPOLATE_TOTAL_TIME_PERIOD not found. Default value:  1.0000000000000015E+015
<s01,r0>(W)       Parameter  INTERPOLATE_WALL_CLOCK_TIME_PERIOD not found. Default value:  1.0000000000000015E+015
<s01,r0>(W)       Parameter  TFV4A_STABILIZATION not found. Default value:  2.0000000000000000E-001
<s01,r0>(W)       Parameter  SCALAR_TIME_INT not found. Default value: TFV4A
<s01,r0>(W)       Parameter  SCALAR_TFV4A_STABILIZATION not found. Default value:  1.0000000000000000E+000
<s01,r0>(W)       Parameter  INVERSION_TOLERANCE not found. Default value:  0.9999999999999991E-008
<s01,r0>(W)       Parameter  HOF_ENABLE_DIFFERENTIAL_OPERATORS not found. Default value: FALSE
<s01,r0>(W)       Parameter  SCALAR_SPACE_INT not found. Default value: 4TH
<s01,r0>(W)       Parameter  NOMANI_MODEL not found. Default value: FALSE
<s01,r0>(W)       Parameter  VISCO_ELASTIC_MODEL not found. Default value: FALSE
<s01,r0>(W)       Parameter  VARIABLE_CONDUCTIVITY_WITH_RBC_GRID not found. Default value: FALSE
<s01,r0>(W)       Parameter  DENSITY not found. Default value:  1.0000000000000000E+000
<s01,r0>(W)       Parameter  MOLECULAR_VISCOSITY_TYPE not found. Default value: CONSTANT
<s01,r0>(W)       Parameter  TURBULENCE_MODEL not found. Default value: NONE
<s01,r0>(W)       Parameter  ARTIFICIAL_VISCOSITY_CONSTANT not found. Default value: 0.0000000000000000E+000
<s01,r0>(W)       Parameter  ARTIFICIAL_VISCOSITY_ORDER not found. Default value: 4
<s01,r0>(W)       Parameter  POISSON_DEFLATION_SOLVER not found. Default value: PCG
<s01,r0>(W)       Parameter  NRECYCLED_RHS not found. Default value: 5
<s01,r0>(W)       Parameter  EL_GRP_NRECYCLED_RHS not found. Default value: 5
<s01,r0>(W)       Parameter  DEFLATION_CONVERGENCE_RATIO not found. Default value:  1.0000000000000000E+000
<s01,r0>(W)       Parameter  DEFLATION_SEARCH_DIR_ERROR not found. Default value:  0.9999999999999996E-004
<s01,r0>(W)       Parameter  POISSON_LOG_LEVEL not found. Default value: 0
<s01,r0>(W)       Parameter  POISSON_SUB_TYPE not found. Default value: 0
<s01,r0>(W)       Parameter  USE_GRAPH_DEFLATION not found. Default value: FALSE
<s01,r0>(W)       Parameter  NELEM_PER_VERTEX not found. Default value: 500
<s01,r0>(W)       Parameter  VERTEX_NRECYCLED_RHS not found. Default value: 5
<s01,r0>(W)       Parameter  NDEFL_GHOST_LAYER not found. Default value: 1
<s01,r0>(W)       Parameter  NVERTEX_PER_DEFL_WORKER not found. Default value: 1
<s01,r0>(W)       Parameter  REFERENCE_PRESSURE not found. Default value:  1.0130000000000005E+005
<s01,r0>(W)       Parameter  UPWINDING not found. Default value: 0.0000000000000000E+000
<s01,r0>(W)       Parameter  GRAVITY not found. Default value:
<s01,r0>(W)           0.0000000000000000E+000 0.0000000000000000E+000
<s01,r0>(W)       Parameter BOUNDARY x0 U_FORCE_DIRICHLET not found. Default value: FALSE
<s01,r0>(W)       Parameter  ENGINE_AXIS not found. Default value: NONE
<s01,r0>(W)       Parameter BOUNDARY cyl WALL_TREATMENT not found. Default value: DIRICHLET
<s01,r0>(W)       Parameter  REBUILD_ACOUSTICS_PRESSURE not found. Default value: FALSE
<s01,r0>(W)       Parameter SCALAR Z GRID not found. Default value: MAIN_GRID
<s01,r0>(W)       Parameter SCALAR Z_WALL_GRAD GRID not found. Default value: MAIN_GRID
<s01,r0>(W)       Parameter SCALAR U_WALL_GRAD GRID not found. Default value: MAIN_GRID
<s01,r0>(W)       Parameter SCALAR Y_PLUS GRID not found. Default value: MAIN_GRID
<s01,r0>(W)       Parameter SCALAR NUSSELT GRID not found. Default value: MAIN_GRID
<s01,r0>(W)       Parameter SCALAR TAU GRID not found. Default value: MAIN_GRID
<s01,r0>(W)       Parameter SCALAR Z MIN not found. Default value: -3.0000000000000000E-001
<s01,r0>(W)       Parameter SCALAR Z MAX not found. Default value:  1.3000000000000000E+000
<s01,r0>(W)       Parameter SCALAR Z IMPLICIT_DIFFUSION_FACTOR not found. Default value: 0.0000000000000000E+000
<s01,r0>(W)       Parameter SCALAR Z DUMP not found. Default value: TRUE
<s01,r0>(W)       Parameter SCALAR Z RESTART not found. Default value: TRUE
<s01,r0>(W)       Parameter SCALAR Z DUMP_ON_SOLUTBOUND not found. Default value: TRUE
<s01,r0>(W)       Parameter SCALAR Z DIFFUSION_NRK not found. Default value: 2
<s01,r0>(W)       Parameter SCALAR Z DATATYPE not found. Default value: DATATYPE_REAL_NODE_SCALAR
<s01,r0>(W)       Parameter SCALAR Z DUMP_DIFFUSIVITY not found. Default value: TRUE
<s01,r0>(W)       Parameter SCALAR Z HEAT_SOURCE not found. Default value: NONE
<s01,r0>(W)       Parameter SCALAR Z PT_EVAP_SOURCE_TERM not found. Default value: NONE
<s01,r0>(W)       Parameter SCALAR Z PT_HEAT_SOURCE_TERM not found. Default value: NONE
<s01,r0>(W)       Parameter SCALAR Z_WALL_GRAD MIN not found. Default value: -1.0000000000000015E+015
<s01,r0>(W)       Parameter SCALAR Z_WALL_GRAD MAX not found. Default value:  1.0000000000000015E+015
<s01,r0>(W)       Parameter SCALAR Z_WALL_GRAD IMPLICIT_DIFFUSION_FACTOR not found. Default value: 0.0000000000000000E+000
<s01,r0>(W)       Parameter SCALAR Z_WALL_GRAD DUMP not found. Default value: TRUE
<s01,r0>(W)       Parameter SCALAR Z_WALL_GRAD RESTART not found. Default value: TRUE
<s01,r0>(W)       Parameter SCALAR Z_WALL_GRAD DUMP_ON_SOLUTBOUND not found. Default value: FALSE
<s01,r0>(W)       Parameter SCALAR Z_WALL_GRAD UPDATE_ONLY_AT_DUMP not found. Default value: FALSE
<s01,r0>(W)       Parameter SCALAR Z_WALL_GRAD UPDATE_ONLY_AT_POSTPROC_DUMP not found. Default value: FALSE
<s01,r0>(W)       Parameter SCALAR Z_WALL_GRAD UPDATE_ONLY_AT_ADAPTATION not found. Default value: FALSE
<s01,r0>(W)       Parameter SCALAR Z_WALL_GRAD UPDATE_BEFORE_UDF not found. Default value: FALSE
<s01,r0>(W)       Parameter SCALAR U_WALL_GRAD MIN not found. Default value: -1.0000000000000015E+015
<s01,r0>(W)       Parameter SCALAR U_WALL_GRAD MAX not found. Default value:  1.0000000000000015E+015
<s01,r0>(W)       Parameter SCALAR U_WALL_GRAD IMPLICIT_DIFFUSION_FACTOR not found. Default value: 0.0000000000000000E+000
<s01,r0>(W)       Parameter SCALAR U_WALL_GRAD DUMP not found. Default value: TRUE
<s01,r0>(W)       Parameter SCALAR U_WALL_GRAD RESTART not found. Default value: TRUE
<s01,r0>(W)       Parameter SCALAR U_WALL_GRAD DUMP_ON_SOLUTBOUND not found. Default value: FALSE
<s01,r0>(W)       Parameter SCALAR U_WALL_GRAD UPDATE_ONLY_AT_DUMP not found. Default value: FALSE
<s01,r0>(W)       Parameter SCALAR U_WALL_GRAD UPDATE_ONLY_AT_POSTPROC_DUMP not found. Default value: FALSE
<s01,r0>(W)       Parameter SCALAR U_WALL_GRAD UPDATE_ONLY_AT_ADAPTATION not found. Default value: FALSE
<s01,r0>(W)       Parameter SCALAR U_WALL_GRAD UPDATE_BEFORE_UDF not found. Default value: FALSE
<s01,r0>(W)       Parameter SCALAR Y_PLUS MIN not found. Default value: -1.0000000000000015E+015
<s01,r0>(W)       Parameter SCALAR Y_PLUS MAX not found. Default value:  1.0000000000000015E+015
<s01,r0>(W)       Parameter SCALAR Y_PLUS IMPLICIT_DIFFUSION_FACTOR not found. Default value: 0.0000000000000000E+000
<s01,r0>(W)       Parameter SCALAR Y_PLUS DUMP not found. Default value: TRUE
<s01,r0>(W)       Parameter SCALAR Y_PLUS RESTART not found. Default value: TRUE
<s01,r0>(W)       Parameter SCALAR Y_PLUS DUMP_ON_SOLUTBOUND not found. Default value: FALSE
<s01,r0>(W)       Parameter SCALAR Y_PLUS UPDATE_ONLY_AT_DUMP not found. Default value: FALSE
<s01,r0>(W)       Parameter SCALAR Y_PLUS UPDATE_ONLY_AT_POSTPROC_DUMP not found. Default value: FALSE
<s01,r0>(W)       Parameter SCALAR Y_PLUS UPDATE_ONLY_AT_ADAPTATION not found. Default value: FALSE
<s01,r0>(W)       Parameter SCALAR Y_PLUS UPDATE_BEFORE_UDF not found. Default value: FALSE
<s01,r0>(W)       Parameter SCALAR Y_PLUS SOURCE not found. Default value: U
<s01,r0>(W)       Parameter SCALAR NUSSELT MIN not found. Default value: -1.0000000000000015E+015
<s01,r0>(W)       Parameter SCALAR NUSSELT MAX not found. Default value:  1.0000000000000015E+015
<s01,r0>(W)       Parameter SCALAR NUSSELT IMPLICIT_DIFFUSION_FACTOR not found. Default value: 0.0000000000000000E+000
<s01,r0>(W)       Parameter SCALAR NUSSELT DUMP not found. Default value: TRUE
<s01,r0>(W)       Parameter SCALAR NUSSELT RESTART not found. Default value: TRUE
<s01,r0>(W)       Parameter SCALAR NUSSELT DUMP_ON_SOLUTBOUND not found. Default value: FALSE
<s01,r0>(W)       Parameter SCALAR NUSSELT UPDATE_ONLY_AT_DUMP not found. Default value: FALSE
<s01,r0>(W)       Parameter SCALAR NUSSELT UPDATE_ONLY_AT_POSTPROC_DUMP not found. Default value: FALSE
<s01,r0>(W)       Parameter SCALAR NUSSELT UPDATE_ONLY_AT_ADAPTATION not found. Default value: FALSE
<s01,r0>(W)       Parameter SCALAR NUSSELT UPDATE_BEFORE_UDF not found. Default value: FALSE
<s01,r0>(W)       Parameter SCALAR NUSSELT OPERATOR_TYPE not found. Default value: 1ST
<s01,r0>(W)       Parameter SCALAR TAU MIN not found. Default value: -1.0000000000000015E+015
<s01,r0>(W)       Parameter SCALAR TAU MAX not found. Default value:  1.0000000000000015E+015
<s01,r0>(W)       Parameter SCALAR TAU IMPLICIT_DIFFUSION_FACTOR not found. Default value: 0.0000000000000000E+000
<s01,r0>(W)       Parameter SCALAR TAU DUMP not found. Default value: TRUE
<s01,r0>(W)       Parameter SCALAR TAU RESTART not found. Default value: TRUE
<s01,r0>(W)       Parameter SCALAR TAU DUMP_ON_SOLUTBOUND not found. Default value: FALSE
<s01,r0>(W)       Parameter SCALAR TAU UPDATE_ONLY_AT_DUMP not found. Default value: FALSE
<s01,r0>(W)       Parameter SCALAR TAU UPDATE_ONLY_AT_POSTPROC_DUMP not found. Default value: FALSE
<s01,r0>(W)       Parameter SCALAR TAU UPDATE_ONLY_AT_ADAPTATION not found. Default value: FALSE
<s01,r0>(W)       Parameter SCALAR TAU UPDATE_BEFORE_UDF not found. Default value: FALSE
<s01,r0>(W)       Parameter SCALAR TAU SOURCE not found. Default value: U
<s01,r0>(W)       Parameter  RESET_ALL_STATS not found. Default value: FALSE
<s01,r0>(W)       Parameter  AL_VERTICAL_AXIS not found. Default value:
<s01,r0>(W)           0.0000000000000000E+000  1.0000000000000000E+000 0.0000000000000000E+000
<s01,r0>(W)       Parameter  AL_INCIDENT_WIND not found. Default value:
<s01,r0>(W)            1.0000000000000000E+000 0.0000000000000000E+000 0.0000000000000000E+000
<s01,r0>(W)       Parameter  RADIATION_MODEL not found. Default value: NONE
<s01,r0>(W)       Parameter  LAPLACIAN_OPERATOR_TYPE not found. Default value: IGNORE_SKEWNESS
<s01,r0>(W)       Parameter TEMPORAL temporal0 TIME_PERIOD not found. Default value:  1.0000000000000015E+015
<s01,r0>(W)       Parameter TEMPORAL_DATA Cf TENSOR_NORM not found. Default value: FROBENIUS
<s01,r0>(W)       Parameter  PRESSURE_RELAX not found. Default value:  1.0000000000000000E+000
<s01,r0>(W)       Parameter  RAMP_DT_NITER not found. Default value: 0
<s01,r0>(W)       Parameter  IMPLICIT_FOURIER not found. Default value:  1.5000000000000001E-001
<s01,r0>(W)       Parameter  CONVECTIVE_OUTFLOWS not found. Default value: TRUE
<s01,r0>(W)       Parameter  PRINT_FLOW_RATES_IN_FILE not found. Default value: FALSE
<s01,r0>(W)       Parameter  PT_SET_FILTERING_OPERATIONS not found. Default value: 0
<s01,r0>(W)       Parameter  PT_SET_SOURCE_TERM_COEFFICIENT not found. Default value:  1.0000000000000000E+000
<s01,r0>(W)       Parameter  LINEAR_FORCING not found. Default value: FALSE
<s01,r0>(W)       Parameter BOUNDARY x0 U_FORCE_DIRICHLET not found. Default value: FALSE
<s01,r0>(W)       Parameter  ENGINE_AXIS not found. Default value: NONE
<s01,r0>(W)       Parameter BOUNDARY cyl WALL_TREATMENT not found. Default value: DIRICHLET
<s01,r0>(W)       Parameter BOUNDARY x0 Z_FORCE_DIRICHLET not found. Default value: FALSE
<s01,r0>(W)       Parameter BOUNDARY x0 Z_PROPAGATION_STEPS not found. Default value: 0
<s01,r0>(W)       Parameter  SPONGE_LAYER_TYPE not found. Default value: CONSTANT
<s01,r0>(W)       Parameter  EXACT_RESTART not found. Default value: FALSE
<s01,r0>(W)       Parameter  INITIAL_DIV_FREE not found. Default value: 1
<s01,r0>(W)       Parameter  INITIAL_SOLUTION_SMOOTHING not found. Default value: 0
<s01,r0>(W)       Parameter SCALAR Z DIFFUSIVITY_FROM_CHEMTABLE not found. Default value: FALSE
<s01,r0>(W)       Parameter  DUMP_ELEMENT_FLAGGING not found. Default value: ALL
<s01,r0>(W)       Parameter  DUMP_GRID not found. Default value: TRUE
<s01,r0>(W)       Parameter  DUMP_GEOMETRY not found. Default value: ONCE
<s01,r0>(W)       Parameter  DUMP_COORDINATES not found. Default value: X_NODE
<s01,r0>(W)       Parameter  DUMP_HDF_COMPRESSION not found. Default value: 0
<s01,r0>(W)       Parameter  DUMP_PAIR2NODE not found. Default value: FALSE
<s01,r0>(W)       Parameter  DUMP_NFILES not found. Default value: 1
<s01,r0>(W)       Parameter  DUMP_SOLUTBOUND_PREFIX not found. Default value: dummy_SOLUTBOUND_PREFIX
<s01,r0>(W)       Parameter  ADAPTATION_TIME_PERIOD not found. Default value:  1.0000000000000015E+015
<s01,r0>(W)       Parameter  ADAPTATION_NITER_PERIOD not found. Default value: 2147483647
<s01,r0>(W)       Parameter  ADAPTATION_AT_FIRST_ITER not found. Default value: FALSE
<s01,r0>(W)       Parameter  ADAPTATION_TRIGGER_SKEWNESS not found. Default value: -1.0000000000000000E+000
<s01,r0>(W)       Parameter  ADAPTATION_TRIGGER_METRIC_ERROR not found. Default value: -1.0000000000000000E+000
<s01,r0>(W)       Parameter  ADAPTATION_TRIGGER_MAX_ERROR not found. Default value: -1.0000000000000000E+000
<s01,r0>(W)       Parameter  ADAPTATION_METRIC_MASK_DATA not found. Default value: UNKNOWN
<s01,r0>(W)       Parameter  LOAD_BALANCING_TIME_PERIOD not found. Default value:  1.0000000000000015E+015
<s01,r0>(W)       Parameter  LOAD_BALANCING_NITER_PERIOD not found. Default value: 2147483647
<s01,r0>(W)       Parameter  LOAD_BALANCING_ELGRP_WEIGHT_TYPE not found. Default value: ELGRP_NELEM
<s01,r0>(W)       Parameter  ADAPTATION_FROM_QC1_AND_QC2 not found. Default value: FALSE
